[2025-10-03 13:59:43] This is codeql database index-files --include-extension=.yaml --include-extension=.yml --size-limit=5m --language yaml -- /home/ateske/buggyRequests/requests/codeql-db
[2025-10-03 13:59:43] Log file was started late.
[2025-10-03 13:59:43] Using index-files script /home/ateske/codeql/codeql/yaml/tools/index-files.sh.
[2025-10-03 13:59:43] [PROGRESS] database index-files> Scanning for files in /home/ateske/buggyRequests/requests...
[2025-10-03 13:59:43] Calling plumbing command: codeql resolve files --include-extension=.yaml --include-extension=.yml --size-limit=5m /home/ateske/buggyRequests/requests --format=json
[2025-10-03 13:59:43] [PROGRESS] resolve files> Scanning /home/ateske/buggyRequests/requests...
[2025-10-03 13:59:43] [PROGRESS] resolve files> Scanning /home/ateske/buggyRequests/requests/requests...
[2025-10-03 13:59:43] [PROGRESS] resolve files> Scanning /home/ateske/buggyRequests/requests/requests/packages...
[2025-10-03 13:59:43] [PROGRESS] resolve files> Scanning /home/ateske/buggyRequests/requests/requests/packages/chardet...
[2025-10-03 13:59:43] [PROGRESS] resolve files> Scanning /home/ateske/buggyRequests/requests/requests/packages/urllib3...
[2025-10-03 13:59:43] [PROGRESS] resolve files> Scanning /home/ateske/buggyRequests/requests/requests/packages/urllib3/contrib...
[2025-10-03 13:59:43] [PROGRESS] resolve files> Scanning /home/ateske/buggyRequests/requests/requests/packages/urllib3/packages...
[2025-10-03 13:59:43] [PROGRESS] resolve files> Scanning /home/ateske/buggyRequests/requests/requests/packages/urllib3/packages/ssl_match_hostname...
[2025-10-03 13:59:43] [PROGRESS] resolve files> Scanning /home/ateske/buggyRequests/requests/requests/packages/urllib3/packages/backports...
[2025-10-03 13:59:43] [PROGRESS] resolve files> Scanning /home/ateske/buggyRequests/requests/requests/packages/urllib3/util...
[2025-10-03 13:59:43] [PROGRESS] resolve files> Scanning /home/ateske/buggyRequests/requests/requests.egg-info...
[2025-10-03 13:59:43] [PROGRESS] resolve files> Scanning /home/ateske/buggyRequests/requests/build...
[2025-10-03 13:59:43] [PROGRESS] resolve files> Scanning /home/ateske/buggyRequests/requests/build/lib...
[2025-10-03 13:59:43] [PROGRESS] resolve files> Scanning /home/ateske/buggyRequests/requests/build/lib/requests...
[2025-10-03 13:59:43] [PROGRESS] resolve files> Scanning /home/ateske/buggyRequests/requests/build/lib/requests/packages...
[2025-10-03 13:59:43] [PROGRESS] resolve files> Scanning /home/ateske/buggyRequests/requests/build/lib/requests/packages/chardet...
[2025-10-03 13:59:43] [PROGRESS] resolve files> Scanning /home/ateske/buggyRequests/requests/build/lib/requests/packages/urllib3...
[2025-10-03 13:59:43] [PROGRESS] resolve files> Scanning /home/ateske/buggyRequests/requests/build/lib/requests/packages/urllib3/contrib...
[2025-10-03 13:59:43] [PROGRESS] resolve files> Scanning /home/ateske/buggyRequests/requests/build/lib/requests/packages/urllib3/packages...
[2025-10-03 13:59:43] [PROGRESS] resolve files> Scanning /home/ateske/buggyRequests/requests/build/lib/requests/packages/urllib3/packages/ssl_match_hostname...
[2025-10-03 13:59:43] [PROGRESS] resolve files> Scanning /home/ateske/buggyRequests/requests/build/lib/requests/packages/urllib3/util...
[2025-10-03 13:59:43] [PROGRESS] resolve files> Scanning /home/ateske/buggyRequests/requests/.git...
[2025-10-03 13:59:43] [PROGRESS] resolve files> Scanning /home/ateske/buggyRequests/requests/.git/info...
[2025-10-03 13:59:43] [PROGRESS] resolve files> Scanning /home/ateske/buggyRequests/requests/.git/branches...
[2025-10-03 13:59:43] [PROGRESS] resolve files> Scanning /home/ateske/buggyRequests/requests/.git/objects...
[2025-10-03 13:59:43] [PROGRESS] resolve files> Scanning /home/ateske/buggyRequests/requests/.git/objects/info...
[2025-10-03 13:59:43] [PROGRESS] resolve files> Scanning /home/ateske/buggyRequests/requests/.git/objects/pack...
[2025-10-03 13:59:43] [PROGRESS] resolve files> Scanning /home/ateske/buggyRequests/requests/.git/logs...
[2025-10-03 13:59:43] [PROGRESS] resolve files> Scanning /home/ateske/buggyRequests/requests/.git/logs/refs...
[2025-10-03 13:59:43] [PROGRESS] resolve files> Scanning /home/ateske/buggyRequests/requests/.git/logs/refs/heads...
[2025-10-03 13:59:43] [PROGRESS] resolve files> Scanning /home/ateske/buggyRequests/requests/.git/logs/refs/remotes...
[2025-10-03 13:59:43] [PROGRESS] resolve files> Scanning /home/ateske/buggyRequests/requests/.git/logs/refs/remotes/origin...
[2025-10-03 13:59:43] [PROGRESS] resolve files> Scanning /home/ateske/buggyRequests/requests/.git/refs...
[2025-10-03 13:59:43] [PROGRESS] resolve files> Scanning /home/ateske/buggyRequests/requests/.git/refs/heads...
[2025-10-03 13:59:43] [PROGRESS] resolve files> Scanning /home/ateske/buggyRequests/requests/.git/refs/remotes...
[2025-10-03 13:59:43] [PROGRESS] resolve files> Scanning /home/ateske/buggyRequests/requests/.git/refs/remotes/origin...
[2025-10-03 13:59:43] [PROGRESS] resolve files> Scanning /home/ateske/buggyRequests/requests/.git/refs/tags...
[2025-10-03 13:59:43] [PROGRESS] resolve files> Scanning /home/ateske/buggyRequests/requests/.git/hooks...
[2025-10-03 13:59:43] [PROGRESS] resolve files> Scanning /home/ateske/buggyRequests/requests/ext...
[2025-10-03 13:59:43] [PROGRESS] resolve files> Scanning /home/ateske/buggyRequests/requests/tests...
[2025-10-03 13:59:43] [PROGRESS] resolve files> Scanning /home/ateske/buggyRequests/requests/tests/testserver...
[2025-10-03 13:59:43] [PROGRESS] resolve files> Scanning /home/ateske/buggyRequests/requests/docs...
[2025-10-03 13:59:43] [PROGRESS] resolve files> Scanning /home/ateske/buggyRequests/requests/docs/_templates...
[2025-10-03 13:59:43] [PROGRESS] resolve files> Scanning /home/ateske/buggyRequests/requests/docs/_themes...
[2025-10-03 13:59:43] [PROGRESS] resolve files> Scanning /home/ateske/buggyRequests/requests/docs/_static...
[2025-10-03 13:59:43] [PROGRESS] resolve files> Scanning /home/ateske/buggyRequests/requests/docs/user...
[2025-10-03 13:59:43] [PROGRESS] resolve files> Scanning /home/ateske/buggyRequests/requests/docs/dev...
[2025-10-03 13:59:43] [PROGRESS] resolve files> Scanning /home/ateske/buggyRequests/requests/docs/community...
[2025-10-03 13:59:43] [PROGRESS] resolve files> Scanning /home/ateske/buggyRequests/requests/codeql-db...
[2025-10-03 13:59:43] [PROGRESS] resolve files> Scanning /home/ateske/buggyRequests/requests/codeql-db/working...
[2025-10-03 13:59:43] [PROGRESS] resolve files> Scanning /home/ateske/buggyRequests/requests/codeql-db/working/trap_cache...
[2025-10-03 13:59:43] [PROGRESS] resolve files> Scanning /home/ateske/buggyRequests/requests/codeql-db/working/trap_cache/1...
[2025-10-03 13:59:43] [PROGRESS] resolve files> Scanning /home/ateske/buggyRequests/requests/codeql-db/working/trap_cache/2...
[2025-10-03 13:59:43] [PROGRESS] resolve files> Scanning /home/ateske/buggyRequests/requests/codeql-db/trap...
[2025-10-03 13:59:43] [PROGRESS] resolve files> Scanning /home/ateske/buggyRequests/requests/codeql-db/trap/python...
[2025-10-03 13:59:43] [PROGRESS] resolve files> Scanning /home/ateske/buggyRequests/requests/codeql-db/src...
[2025-10-03 13:59:43] [PROGRESS] resolve files> Scanning /home/ateske/buggyRequests/requests/codeql-db/src/home...
[2025-10-03 13:59:43] [PROGRESS] resolve files> Scanning /home/ateske/buggyRequests/requests/codeql-db/src/home/ateske...
[2025-10-03 13:59:43] [PROGRESS] resolve files> Scanning /home/ateske/buggyRequests/requests/codeql-db/src/home/ateske/codeql...
[2025-10-03 13:59:43] [PROGRESS] resolve files> Scanning /home/ateske/buggyRequests/requests/codeql-db/src/home/ateske/codeql/codeql...
[2025-10-03 13:59:43] [PROGRESS] resolve files> Scanning /home/ateske/buggyRequests/requests/codeql-db/src/home/ateske/codeql/codeql/python...
[2025-10-03 13:59:43] [PROGRESS] resolve files> Scanning /home/ateske/buggyRequests/requests/codeql-db/src/home/ateske/codeql/codeql/python/tools...
[2025-10-03 13:59:43] [PROGRESS] resolve files> Scanning /home/ateske/buggyRequests/requests/codeql-db/src/home/ateske/codeql/codeql/python/tools/data...
[2025-10-03 13:59:43] [PROGRESS] resolve files> Scanning /home/ateske/buggyRequests/requests/codeql-db/src/home/ateske/codeql/codeql/python/tools/data/python...
[2025-10-03 13:59:43] [PROGRESS] resolve files> Scanning /home/ateske/buggyRequests/requests/codeql-db/src/home/ateske/codeql/codeql/python/tools/data/python/stubs...
[2025-10-03 13:59:43] [PROGRESS] resolve files> Scanning /home/ateske/buggyRequests/requests/codeql-db/src/home/ateske/codeql/codeql/python/tools/data/python/stubs/six...
[2025-10-03 13:59:43] [PROGRESS] resolve files> Scanning /home/ateske/buggyRequests/requests/codeql-db/src/home/ateske/codeql/codeql/python/tools/data/python/stubs/six/moves...
[2025-10-03 13:59:43] [PROGRESS] resolve files> Scanning /home/ateske/buggyRequests/requests/codeql-db/src/home/ateske/codeql/codeql/python/tools/data/python/stubs/six/moves/urllib...
[2025-10-03 13:59:43] [PROGRESS] resolve files> Scanning /home/ateske/buggyRequests/requests/codeql-db/src/home/ateske/buggyRequests...
[2025-10-03 13:59:43] [PROGRESS] resolve files> Scanning /home/ateske/buggyRequests/requests/codeql-db/src/home/ateske/buggyRequests/requests...
[2025-10-03 13:59:43] [PROGRESS] resolve files> Scanning /home/ateske/buggyRequests/requests/codeql-db/src/home/ateske/buggyRequests/requests/requests...
[2025-10-03 13:59:43] [PROGRESS] resolve files> Scanning /home/ateske/buggyRequests/requests/codeql-db/src/home/ateske/buggyRequests/requests/requests/packages...
[2025-10-03 13:59:43] [PROGRESS] resolve files> Scanning /home/ateske/buggyRequests/requests/codeql-db/src/home/ateske/buggyRequests/requests/requests/packages/chardet...
[2025-10-03 13:59:43] [PROGRESS] resolve files> Scanning /home/ateske/buggyRequests/requests/codeql-db/src/home/ateske/buggyRequests/requests/requests/packages/urllib3...
[2025-10-03 13:59:43] [PROGRESS] resolve files> Scanning /home/ateske/buggyRequests/requests/codeql-db/src/home/ateske/buggyRequests/requests/requests/packages/urllib3/contrib...
[2025-10-03 13:59:43] [PROGRESS] resolve files> Scanning /home/ateske/buggyRequests/requests/codeql-db/src/home/ateske/buggyRequests/requests/requests/packages/urllib3/packages...
[2025-10-03 13:59:43] [PROGRESS] resolve files> Scanning /home/ateske/buggyRequests/requests/codeql-db/src/home/ateske/buggyRequests/requests/requests/packages/urllib3/packages/ssl_match_hostname...
[2025-10-03 13:59:43] [PROGRESS] resolve files> Scanning /home/ateske/buggyRequests/requests/codeql-db/src/home/ateske/buggyRequests/requests/requests/packages/urllib3/packages/backports...
[2025-10-03 13:59:43] [PROGRESS] resolve files> Scanning /home/ateske/buggyRequests/requests/codeql-db/src/home/ateske/buggyRequests/requests/requests/packages/urllib3/util...
[2025-10-03 13:59:43] [PROGRESS] resolve files> Scanning /home/ateske/buggyRequests/requests/codeql-db/src/home/ateske/buggyRequests/requests/tests...
[2025-10-03 13:59:43] [PROGRESS] resolve files> Scanning /home/ateske/buggyRequests/requests/codeql-db/src/home/ateske/buggyRequests/requests/tests/testserver...
[2025-10-03 13:59:43] [PROGRESS] resolve files> Scanning /home/ateske/buggyRequests/requests/codeql-db/src/home/ateske/buggyRequests/requests/docs...
[2025-10-03 13:59:43] [PROGRESS] resolve files> Scanning /home/ateske/buggyRequests/requests/codeql-db/src/home/ateske/buggyRequests/requests/docs/_themes...
[2025-10-03 13:59:43] [PROGRESS] resolve files> Scanning /home/ateske/buggyRequests/requests/codeql-db/log...
[2025-10-03 13:59:43] [PROGRESS] resolve files> Scanning /home/ateske/buggyRequests/requests/codeql-db/diagnostic...
[2025-10-03 13:59:43] [PROGRESS] resolve files> Scanning /home/ateske/buggyRequests/requests/codeql-db/diagnostic/tracer...
[2025-10-03 13:59:43] [PROGRESS] resolve files> Scanning /home/ateske/buggyRequests/requests/codeql-db/diagnostic/extractors...
[2025-10-03 13:59:43] [PROGRESS] resolve files> Scanning /home/ateske/buggyRequests/requests/codeql-db/diagnostic/extractors/python...
[2025-10-03 13:59:43] Plumbing command codeql resolve files completed:
                      [
                        "/home/ateske/buggyRequests/requests/codeql-db/codeql-database.yml"
                      ]
[2025-10-03 13:59:43] [DETAILS] database index-files> Found 1 files.
[2025-10-03 13:59:43] [PROGRESS] database index-files> /home/ateske/buggyRequests/requests/codeql-db: Indexing files in in /home/ateske/buggyRequests/requests...
[2025-10-03 13:59:43] Using index-files script /home/ateske/codeql/codeql/yaml/tools/index-files.sh.
[2025-10-03 13:59:43] [PROGRESS] database index-files> Running command in /home/ateske/buggyRequests/requests: [/home/ateske/codeql/codeql/yaml/tools/index-files.sh, /home/ateske/buggyRequests/requests/codeql-db/working/files-to-index16103294446279248926.list]
[2025-10-03 13:59:43] Terminating normally.
